Starting with $current directory is /
Set current directory to /
Added new directory ctd
Added new file mwcj.pmh with size 80649 to /
Added new file nbb.ztq with size 212527 to /
Added new directory pgqmwn
Added new file scr.smr with size 152170 to /
Added new file snqcgbs.nhv with size 17637 to /
Added new directory tmw
Added new directory vtm
Set current directory to ctd
Added new directory bblsqnwl
Added new directory gzcjrs
Added new directory pgqmwn
Added new directory qzgjp
Added new directory shmvmqv
Set current directory to bblsqnwl
Added new directory rng
Set current directory to rng
Added new directory jncpmzcs
Added new directory pttvmghm
Added new file qcjbfggw.tjj with size 293353 to rng
Added new directory sgm
Set current directory to jncpmzcs
Added new file tstwmrbr.bmr with size 36126 to jncpmzcs
Set current directory to rng
Set current directory to pttvmghm
Added new file ctttjn.nzr with size 38802 to pttvmghm
Set current directory to rng
Set current directory to sgm
Added new directory djcbdbgr
Added new directory gqrr
Set current directory to djcbdbgr
Added new file nbb.ztq with size 254050 to djcbdbgr
Set current directory to sgm
Set current directory to gqrr
Added new file jgsqvf.tql with size 168685 to gqrr
Added new file shmvmqv with size 302004 to gqrr
Set current directory to sgm
Set current directory to rng
Set current directory to bblsqnwl
Set current directory to ctd
Set current directory to gzcjrs
Added new file bwnjnmmh.wwd with size 319972 to gzcjrs
Added new file fzthlhcp.nst with size 25495 to gzcjrs
Added new file ghjc.nvf with size 291270 to gzcjrs
Added new file jrlfb.fvz with size 244664 to gzcjrs
Set current directory to ctd
Set current directory to pgqmwn
Added new directory zpvthlgp
Set current directory to zpvthlgp
Added new file dqvcqs.zpb with size 128092 to zpvthlgp
Added new file nvqsqtjw with size 140511 to zpvthlgp
Set current directory to pgqmwn
Set current directory to ctd
Set current directory to qzgjp
Added new file jgsqvf.tql with size 23062 to qzgjp
Added new file nbb.ztq with size 254685 to qzgjp
Added new directory pgqmwn
Added new file shmvmqv with size 320683 to qzgjp
Added new file shmvmqv.hmg with size 105368 to qzgjp
Added new file snqcgbs with size 60805 to qzgjp
Set current directory to pgqmwn
Added new file gffvwmr.pbd with size 47287 to pgqmwn
Set current directory to qzgjp
Set current directory to ctd
Set current directory to shmvmqv
Added new file crtwwqb with size 80751 to shmvmqv
Added new directory dbfm
Added new directory dhhghph
Added new directory pgqmwn
Added new file qnm with size 195177 to shmvmqv
Added new directory qpbn
Added new directory rwmsqdw
Added new directory shmvmqv
Added new file shmvmqv.vwq with size 16133 to shmvmqv
Added new file tmw with size 187938 to shmvmqv
Set current directory to dbfm
Added new directory gbpnjrt
Added new file glzz.mjv with size 265813 to dbfm
Added new file nbb.ztq with size 108147 to dbfm
Added new file nvqsqtjw with size 229253 to dbfm
Added new file pgqmwn with size 85743 to dbfm
Added new file qnm with size 261375 to dbfm
Set current directory to gbpnjrt
Added new file mtp.lnf with size 179812 to gbpnjrt
Added new file shmvmqv.qvq with size 234550 to gbpnjrt
Set current directory to dbfm
Set current directory to shmvmqv
Set current directory to dhhghph
Added new directory ghmpb
Added new file zqv.ssn with size 70514 to dhhghph
Set current directory to ghmpb
Added new file shmvmqv.csb with size 132693 to ghmpb
Set current directory to dhhghph
Set current directory to shmvmqv
Set current directory to pgqmwn
Added new directory hcbtbr
Added new file pgqmwn with size 200292 to pgqmwn
Added new file sgm with size 67530 to pgqmwn
Added new file snqcgbs with size 15442 to pgqmwn
Set current directory to hcbtbr
Added new file dqvcqs.zpb with size 249252 to hcbtbr
Set current directory to pgqmwn
Set current directory to shmvmqv
Set current directory to qpbn
Added new directory pmbw
Added new file qnm with size 261142 to qpbn
Added new directory rsfh
Added new file sgm with size 239788 to qpbn
Added new directory wfwl
Set current directory to pmbw
Added new directory gwwdtzp
Added new directory jszzc
Added new file rnggjs.cbv with size 32725 to pmbw
Added new directory sldv
Added new directory tptrlz
Set current directory to gwwdtzp
Added new directory dlvbdn
Added new file dslb.mrp with size 63066 to gwwdtzp
Added new directory shmvmqv
Added new directory tzssf
Set current directory to dlvbdn
Added new file nqv.csc with size 190731 to dlvbdn
Set current directory to gwwdtzp
Set current directory to shmvmqv
Added new file nbb.ztq with size 223667 to shmvmqv
Set current directory to gwwdtzp
Set current directory to tzssf
Added new file rlgswwzq.dgj with size 27296 to tzssf
Added new directory tfdq
Added new file wrdqg.pfj with size 206881 to tzssf
Set current directory to tfdq
Added new file wsgh with size 26512 to tfdq
Set current directory to tzssf
Set current directory to gwwdtzp
Set current directory to pmbw
Set current directory to jszzc
Added new file qpz.hdm with size 218701 to jszzc
Set current directory to pmbw
Set current directory to sldv
Added new directory hsbzqtml
Added new file jgsqvf.tql with size 3895 to sldv
Added new file nbb.ztq with size 181815 to sldv
Added new file shmvmqv.fcm with size 294048 to sldv
Added new directory snqcgbs
Added new directory tmw
Added new file zfpjq.pvn with size 203484 to sldv
Added new directory zlpwdp
Set current directory to hsbzqtml
Added new directory shmvmqv
Set current directory to shmvmqv
Added new file nbb.ztq with size 103536 to shmvmqv
Added new file wmc with size 32635 to shmvmqv
Set current directory to hsbzqtml
Set current directory to sldv
Set current directory to snqcgbs
Added new file dch with size 95112 to snqcgbs
Set current directory to sldv
Set current directory to tmw
Added new directory dplm
Added new file hsr.zhn with size 275451 to tmw
Added new file qnm with size 9766 to tmw
Added new file ztbmqjqb.hwj with size 177383 to tmw
Set current directory to dplm
Added new file dqvcqs.zpb with size 277671 to dplm
Set current directory to tmw
Set current directory to sldv
Set current directory to zlpwdp
Added new file snqcgbs.mlz with size 315030 to zlpwdp
Set current directory to sldv
Set current directory to pmbw
Set current directory to tptrlz
Added new directory jfflz
Added new file qbbpstff.fcs with size 154685 to tptrlz
Added new directory sjjgljg
Added new directory zsssqcsb
Set current directory to jfflz
Added new file fvldwzn.dbb with size 1330 to jfflz
Added new file nbb.ztq with size 227153 to jfflz
Set current directory to tptrlz
Set current directory to sjjgljg
Added new file frjnfsgt.fmq with size 295745 to sjjgljg
Added new file jtbltpv.vhm with size 105131 to sjjgljg
Added new file pgqmwn with size 174279 to sjjgljg
Added new file sgm with size 104317 to sjjgljg
Set current directory to tptrlz
Set current directory to zsssqcsb
Added new file bnzsv.dqf with size 246361 to zsssqcsb
Added new directory ggcvqf
Added new directory htqpwzw
Added new file jgsqvf.tql with size 249833 to zsssqcsb
Added new directory lbtjth
Added new directory lcfwb
Added new file mmd.gjw with size 306768 to zsssqcsb
Added new file pgqmwn with size 121112 to zsssqcsb
Added new directory sgm
Added new directory shmvmqv
Added new directory snqcgbs
Added new file tmw.rqm with size 55055 to zsssqcsb
Set current directory to ggcvqf
Added new file fcwznd with size 46573 to ggcvqf
Set current directory to zsssqcsb
Set current directory to htqpwzw
Added new directory bmzvdzsv
Added new file fpp.vwd with size 193713 to htqpwzw
Added new file mfjcnl.szn with size 39898 to htqpwzw
Added new file msljctr with size 65370 to htqpwzw
Added new file ppgzbc.trg with size 10685 to htqpwzw
Added new file shmvmqv.hqn with size 94843 to htqpwzw
Added new directory thfdg
Set current directory to bmzvdzsv
Added new file pgqmwn.wwh with size 74898 to bmzvdzsv
Set current directory to htqpwzw
Set current directory to thfdg
Added new directory cpsgcll
Set current directory to cpsgcll
Added new file gdfw with size 244683 to cpsgcll
Added new file tmw with size 17203 to cpsgcll
Set current directory to thfdg
Set current directory to htqpwzw
Set current directory to zsssqcsb
Set current directory to lbtjth
Added new directory snqcgbs
Set current directory to snqcgbs
Added new file grhbhpw.fsl with size 122394 to snqcgbs
Added new file jgsqvf.tql with size 55324 to snqcgbs
Set current directory to lbtjth
Set current directory to zsssqcsb
Set current directory to lcfwb
Added new file nvqsqtjw with size 138053 to lcfwb
Set current directory to zsssqcsb
Set current directory to sgm
Added new file dqvcqs.zpb with size 314313 to sgm
Added new file fftqvs.ltt with size 146274 to sgm
Added new file jtq.rzq with size 225372 to sgm
Added new file rctzgq.rsr with size 85697 to sgm
Added new directory sgm
Added new file tqpng with size 262221 to sgm
Set current directory to sgm
Added new directory cmvvd
Added new file mhs.tpn with size 277366 to sgm
Added new file nbb.ztq with size 77975 to sgm
Added new file qrwbvbd.ghf with size 160966 to sgm
Added new file snqcgbs.qzc with size 55949 to sgm
Set current directory to cmvvd
Added new file lfsvfsl with size 28054 to cmvvd
Added new file tmw.zwh with size 165671 to cmvvd
Set current directory to sgm
Set current directory to sgm
Set current directory to zsssqcsb
Set current directory to shmvmqv
Added new file bsbwrjnz.dmt with size 51884 to shmvmqv
Added new file jfmsg.mts with size 231236 to shmvmqv
Added new directory qpb
Added new file zhmw with size 256063 to shmvmqv
Added new file zrnhr with size 65512 to shmvmqv
Set current directory to qpb
Added new file dqvcqs.zpb with size 228289 to qpb
Set current directory to shmvmqv
Set current directory to zsssqcsb
Set current directory to snqcgbs
Added new directory mnwgf
Set current directory to mnwgf
Added new file qgnwvlfd.cps with size 178834 to mnwgf
Added new file sls.mnw with size 255140 to mnwgf
Added new file tvhbm with size 9546 to mnwgf
Added new file vntrb with size 281615 to mnwgf
Set current directory to snqcgbs
Set current directory to zsssqcsb
Set current directory to tptrlz
Set current directory to pmbw
Set current directory to qpbn
Set current directory to rsfh
Added new file snqcgbs with size 310413 to rsfh
Set current directory to qpbn
Set current directory to wfwl
Added new directory fmvg
Added new file jgsqvf.tql with size 129025 to wfwl
Set current directory to fmvg
Added new file nvqsqtjw with size 276100 to fmvg
Set current directory to wfwl
Set current directory to qpbn
Set current directory to shmvmqv
Set current directory to rwmsqdw
Added new file qzdmgl with size 46554 to rwmsqdw
Added new file shmvmqv with size 55785 to rwmsqdw
Added new file tfffrg.sbz with size 127982 to rwmsqdw
Set current directory to shmvmqv
Set current directory to shmvmqv
Added new directory ntstz
Added new directory vprlz
Set current directory to ntstz
Added new file nvqsqtjw with size 304801 to ntstz
Added new file wzfb.fjv with size 28969 to ntstz
Set current directory to shmvmqv
Set current directory to vprlz
Added new directory cmmtnt
Added new directory shmvmqv
Set current directory to cmmtnt
Added new file shmvmqv with size 270129 to cmmtnt
Set current directory to vprlz
Set current directory to shmvmqv
Added new directory sgm
Set current directory to sgm
Added new file hghh.mwt with size 287889 to sgm
Set current directory to shmvmqv
Set current directory to vprlz
Set current directory to shmvmqv
Set current directory to shmvmqv
Set current directory to ctd
Set current directory to /
Set current directory to pgqmwn
Added new file qnm with size 85368 to pgqmwn
Set current directory to /
Set current directory to tmw
Added new directory fnpjwg
Added new directory gdt
Added new directory ggs
Added new directory llh
Added new file nvqsqtjw with size 69470 to tmw
Added new directory sgm
Set current directory to fnpjwg
Added new file dndq.tfl with size 161820 to fnpjwg
Added new directory dwmcs
Added new file tdccsw.qlq with size 205155 to fnpjwg
Added new file vvmnpj with size 165352 to fnpjwg
Set current directory to dwmcs
Added new file dqvcqs.zpb with size 121466 to dwmcs
Added new file qbbqmf.ltf with size 274171 to dwmcs
Set current directory to fnpjwg
Set current directory to tmw
Set current directory to gdt
Added new directory cnvtrw
Added new directory gdcvdsv
Added new directory hcn
Added new directory hsmhn
Added new directory jnhqz
Added new file pgqmwn.mwr with size 78446 to gdt
Added new directory qwfl
Added new directory snqcgbs
Set current directory to cnvtrw
Added new directory hfvzm
Set current directory to hfvzm
Added new file tmw.lvw with size 305880 to hfvzm
Set current directory to cnvtrw
Set current directory to gdt
Set current directory to gdcvdsv
Added new file jhscd with size 69690 to gdcvdsv
Set current directory to gdt
Set current directory to hcn
Added new file dqvcqs.zpb with size 166775 to hcn
Added new file nvqsqtjw with size 294325 to hcn
Set current directory to gdt
Set current directory to hsmhn
Added new file lrjf.dnw with size 172897 to hsmhn
Added new directory npgr
Added new file pbcmjg.rhf with size 225227 to hsmhn
Added new file pgqmwn.cqb with size 234530 to hsmhn
Added new directory qlz
Added new directory snqcgbs
Added new file tnntq.wjt with size 52808 to hsmhn
Set current directory to npgr
Added new file qnm with size 141280 to npgr
Added new file rwv with size 64422 to npgr
Set current directory to hsmhn
Set current directory to qlz
Added new file nbb.ztq with size 258070 to qlz
Set current directory to hsmhn
Set current directory to snqcgbs
Added new file frcr.jmn with size 3723 to snqcgbs
Added new file sgm.nsw with size 109486 to snqcgbs
Added new file shmvmqv.frr with size 114054 to snqcgbs
Added new file snqcgbs with size 142024 to snqcgbs
Set current directory to hsmhn
Set current directory to gdt
Set current directory to jnhqz
Added new directory gpztwnqm
Added new directory nwpqbf
Added new directory sgm
Added new directory tmw
Set current directory to gpztwnqm
Added new file bjbpj with size 303103 to gpztwnqm
Added new file hgp with size 281422 to gpztwnqm
Added new file jgsqvf.tql with size 284044 to gpztwnqm
Added new directory qzts
Added new file sgm with size 133248 to gpztwnqm
Set current directory to qzts
Added new file dqvcqs.zpb with size 2428 to qzts
Added new file hzs.smg with size 283206 to qzts
Added new directory lmlw
Set current directory to lmlw
Added new directory sjrfmpc
Set current directory to sjrfmpc
Added new file nbb.ztq with size 164708 to sjrfmpc
Set current directory to lmlw
Set current directory to qzts
Set current directory to gpztwnqm
Set current directory to jnhqz
Set current directory to nwpqbf
Added new file dqvcqs.zpb with size 192033 to nwpqbf
Added new file jqd.bfh with size 298220 to nwpqbf
Added new directory mhtsg
Added new file snqcgbs with size 100921 to nwpqbf
Added new directory zbtb
Set current directory to mhtsg
Added new file cgcn.rjn with size 140813 to mhtsg
Set current directory to nwpqbf
Set current directory to zbtb
Added new file gjglrmf.dzv with size 201213 to zbtb
Added new directory grbl
Added new file pgqmwn.zfm with size 81636 to zbtb
Added new file pwhbflzn.sch with size 265992 to zbtb
Added new directory twjrlzpj
Set current directory to grbl
Added new file jgsqvf.tql with size 82894 to grbl
Set current directory to zbtb
Set current directory to twjrlzpj
Added new file cwhtqv.zvh with size 304952 to twjrlzpj
Set current directory to zbtb
Set current directory to nwpqbf
Set current directory to jnhqz
Set current directory to sgm
Added new file ftfvfpz.srv with size 56329 to sgm
Added new file nbb.ztq with size 3875 to sgm
Added new file shmvmqv.fdt with size 4766 to sgm
Added new file vbw.hsv with size 247272 to sgm
Set current directory to jnhqz
Set current directory to tmw
Added new directory ddbvd
Set current directory to ddbvd
Added new file tnrwdc.dzm with size 83200 to ddbvd
Set current directory to tmw
Set current directory to jnhqz
Set current directory to gdt
Set current directory to qwfl
Added new directory bcfnz
Added new file nvqsqtjw with size 23440 to qwfl
Added new directory pwb
Added new file shmvmqv.fjb with size 206984 to qwfl
Added new file snqcgbs with size 35453 to qwfl
Added new file snqcgbs.fnr with size 297136 to qwfl
Added new directory tmw
Added new file wcbdwwq with size 181689 to qwfl
Set current directory to bcfnz
Added new directory fnrclwn
Added new directory fslh
Added new file gtbhdpt.pth with size 258656 to bcfnz
Added new file psbsmvpf.lmt with size 238261 to bcfnz
Added new directory sgm
Set current directory to fnrclwn
Added new file crhjfzlp.gtb with size 30297 to fnrclwn
Added new file gvvnbmt.spr with size 297557 to fnrclwn
Added new file nvqsqtjw with size 189301 to fnrclwn
Added new file sndmlvw.lsb with size 45159 to fnrclwn
Added new file sqd with size 259295 to fnrclwn
Set current directory to bcfnz
Set current directory to fslh
Added new file bpvcj.hnf with size 246662 to fslh
Set current directory to bcfnz
Set current directory to sgm
Added new directory jpr
Added new directory tmw
Added new directory wscvtrd
Set current directory to jpr
Added new file dqvcqs.zpb with size 49005 to jpr
Set current directory to sgm
Set current directory to tmw
Added new file sgm with size 201387 to tmw
Set current directory to sgm
Set current directory to wscvtrd
Added new file blczlqf.pnv with size 77175 to wscvtrd
Added new file shmvmqv.qbs with size 207393 to wscvtrd
Set current directory to sgm
Set current directory to bcfnz
Set current directory to qwfl
Set current directory to pwb
Added new file bqcmzzf with size 89451 to pwb
Added new file gfwgnft.php with size 207548 to pwb
Added new directory gsn
Added new directory jtvpnvz
Added new file nbb.ztq with size 144792 to pwb
Added new directory nzzqj
Added new file pgqmwn.sjv with size 214209 to pwb
Added new file pzvjqqvz with size 236845 to pwb
Added new directory sgm
Added new directory snqcgbs
Added new directory vfvttj
Set current directory to gsn
Added new file snqcgbs.fbv with size 93490 to gsn
Set current directory to pwb
Set current directory to jtvpnvz
Added new directory fdnvff
Added new file gpvwzhd with size 208857 to jtvpnvz
Added new file rnc with size 229559 to jtvpnvz
Added new file snqcgbs with size 225519 to jtvpnvz
Added new file tmw with size 162969 to jtvpnvz
Set current directory to fdnvff
Added new file dztqqtf.nmp with size 286944 to fdnvff
Added new directory rwc
Added new file snqcgbs with size 181737 to fdnvff
Set current directory to rwc
Added new file nbb.ztq with size 115290 to rwc
Set current directory to fdnvff
Set current directory to jtvpnvz
Set current directory to pwb
Set current directory to nzzqj
Added new file jgsqvf.tql with size 154210 to nzzqj
Added new directory sgm
Added new file snqcgbs.wpg with size 182438 to nzzqj
Added new directory zpvghr
Set current directory to sgm
Added new file rjgc.ccm with size 123163 to sgm
Added new directory rqn
Added new file tflv.pqc with size 291622 to sgm
Set current directory to rqn
Added new file rtbrwmjn.clj with size 220655 to rqn
Set current directory to sgm
Set current directory to nzzqj
Set current directory to zpvghr
Added new file dqvcqs.zpb with size 288859 to zpvghr
Added new file hfdcrjp with size 218036 to zpvghr
Set current directory to nzzqj
Set current directory to pwb
Set current directory to sgm
Added new file sgm.nsf with size 107183 to sgm
Added new file sjwn with size 225832 to sgm
Added new directory tgf
Set current directory to tgf
Added new file nvqsqtjw with size 258766 to tgf
Set current directory to sgm
Set current directory to pwb
Set current directory to snqcgbs
Added new file whjpg.ffz with size 56144 to snqcgbs
Set current directory to pwb
Set current directory to vfvttj
Added new directory ptmggmsl
Set current directory to ptmggmsl
Added new directory psd
Added new directory wdzptvjc
Set current directory to psd
Added new file dqvcqs.zpb with size 121637 to psd
Set current directory to ptmggmsl
Set current directory to wdzptvjc
Added new directory shmvmqv
Set current directory to shmvmqv
Added new file dqmrj.fhh with size 23754 to shmvmqv
Set current directory to wdzptvjc
Set current directory to ptmggmsl
Set current directory to vfvttj
Set current directory to pwb
Set current directory to qwfl
Set current directory to tmw
Added new file hqz with size 17390 to tmw
Added new directory jnsb
Added new file nvqsqtjw with size 31072 to tmw
Added new directory tmw
Added new file vvwjcqr.rtz with size 144511 to tmw
Set current directory to jnsb
Added new file snqcgbs.swh with size 265907 to jnsb
Set current directory to tmw
Set current directory to tmw
Added new directory gfncpvw
Set current directory to gfncpvw
Added new directory ctvwgtlh
Set current directory to ctvwgtlh
Added new file ccjvs.qqq with size 29825 to ctvwgtlh
Set current directory to gfncpvw
Set current directory to tmw
Set current directory to tmw
Set current directory to qwfl
Set current directory to gdt
Set current directory to snqcgbs
Added new file ccl.ddg with size 230355 to snqcgbs
Added new directory csfdmhmb
Added new directory drpgbvzf
Added new file hhcpw.nbs with size 313060 to snqcgbs
Added new directory pfpn
Added new directory ptwnpdnc
Added new file qfsnmbm with size 273250 to snqcgbs
Added new directory shmvmqv
Added new file tmw.zjg with size 244767 to snqcgbs
Set current directory to csfdmhmb
Added new file nbb.ztq with size 50690 to csfdmhmb
Added new file vzrw with size 282078 to csfdmhmb
Set current directory to snqcgbs
Set current directory to drpgbvzf
Added new directory bhwvqf
Added new file dqvcqs.zpb with size 803 to drpgbvzf
Added new file hhw.gpd with size 49859 to drpgbvzf
Added new file nbb.ztq with size 180202 to drpgbvzf
Added new directory nfh
Added new file pgqmwn with size 64808 to drpgbvzf
Added new file qnm with size 276746 to drpgbvzf
Added new directory shmvmqv
Added new directory tmw
Set current directory to bhwvqf
Added new file qcgpdwm.sbs with size 76667 to bhwvqf
Set current directory to drpgbvzf
Set current directory to nfh
Added new file jgsqvf.tql with size 23774 to nfh
Added new file pnp.lvp with size 34652 to nfh
Added new file zvp with size 120264 to nfh
Set current directory to drpgbvzf
Set current directory to shmvmqv
Added new file cswm.dsr with size 47748 to shmvmqv
Added new directory pgqmwn
Set current directory to pgqmwn
Added new file qnm with size 109587 to pgqmwn
Set current directory to shmvmqv
Set current directory to drpgbvzf
Set current directory to tmw
Added new file snqcgbs with size 105578 to tmw
Set current directory to drpgbvzf
Set current directory to snqcgbs
Set current directory to pfpn
Added new file wgc with size 194628 to pfpn
Set current directory to snqcgbs
Set current directory to ptwnpdnc
Added new file rvwtfvr.tsc with size 142456 to ptwnpdnc
Set current directory to snqcgbs
Set current directory to shmvmqv
Added new file hgqlrt.btl with size 118642 to shmvmqv
Set current directory to snqcgbs
Set current directory to gdt
Set current directory to tmw
Set current directory to ggs
Added new file hmtp.djc with size 231223 to ggs
Set current directory to tmw
Set current directory to llh
Added new directory hbq
Added new directory svt
Set current directory to hbq
Added new file fhpsb with size 157243 to hbq
Added new file rdbqnbfr.cwz with size 36981 to hbq
Added new file tmw.wwv with size 282257 to hbq
Set current directory to llh
Set current directory to svt
Added new file sgm.hdl with size 161395 to svt
Set current directory to llh
Set current directory to tmw
Set current directory to sgm
Added new file fss with size 247276 to sgm
Added new directory pgqmwn
Added new file pgqmwn.vfl with size 68084 to sgm
Added new file sgm.swb with size 28475 to sgm
Added new directory shmvmqv
Added new file snqcgbs.bng with size 223438 to sgm
Set current directory to pgqmwn
Added new file dqvcqs.zpb with size 134640 to pgqmwn
Added new directory nrdd
Added new file nvqsqtjw with size 25431 to pgqmwn
Added new file qhzqw with size 149751 to pgqmwn
Added new directory vfmcjhwz
Added new directory zlfhr
Set current directory to nrdd
Added new directory pgqmwn
Set current directory to pgqmwn
Added new file nfbd with size 57090 to pgqmwn
Set current directory to nrdd
Set current directory to pgqmwn
Set current directory to vfmcjhwz
Added new file fdzfwfh.rcv with size 24256 to vfmcjhwz
Set current directory to pgqmwn
Set current directory to zlfhr
Added new file fgbpndj.wgm with size 20504 to zlfhr
Added new file qnm with size 181769 to zlfhr
Set current directory to pgqmwn
Set current directory to sgm
Set current directory to shmvmqv
Added new file nbb.ztq with size 208988 to shmvmqv
Set current directory to sgm
Set current directory to tmw
Set current directory to /
Set current directory to vtm
Added new directory lqvjm
Added new directory msmtcnsj
Added new directory qmtgdn
Added new directory tmw
Set current directory to lqvjm
Added new file hnj.zqf with size 239772 to lqvjm
Set current directory to vtm
Set current directory to msmtcnsj
Added new file clfl.fsl with size 48711 to msmtcnsj
Added new file ddh.gdq with size 245929 to msmtcnsj
Added new directory fvlb
Added new file nvqsqtjw with size 241040 to msmtcnsj
Added new directory shmvmqv
Added new file vdzzqpz.jfs with size 305567 to msmtcnsj
Set current directory to fvlb
Added new file ddz.tbc with size 25669 to fvlb
Set current directory to msmtcnsj
Set current directory to shmvmqv
Added new file nvqsqtjw with size 283905 to shmvmqv
Set current directory to msmtcnsj
Set current directory to vtm
Set current directory to qmtgdn
Added new file pgqmwn with size 246479 to qmtgdn
Added new file rtf.cdp with size 35386 to qmtgdn
Added new file sgm.mrz with size 217551 to qmtgdn
Set current directory to vtm
Set current directory to tmw
Added new directory qfggmdvd
Added new directory tlv
Added new directory tmw
Set current directory to qfggmdvd
Added new file djwfq.wzc with size 288091 to qfggmdvd
Added new file pwnzdj with size 37383 to qfggmdvd
Added new file shmvmqv.wlg with size 214119 to qfggmdvd
Added new file tmw.ntw with size 29747 to qfggmdvd
Added new file zgbd with size 146556 to qfggmdvd
Set current directory to tmw
Set current directory to tlv
Added new file grj.qhw with size 142924 to tlv
Added new file qhmn with size 210672 to tlv
Added new file zbcqcb.mhn with size 209554 to tlv
Added new file zjmrgw.wlc with size 141215 to tlv
Set current directory to tmw
Set current directory to tmw
Added new directory fwsgn
Added new directory tmw
Set current directory to fwsgn
Added new directory qbbhrst
Added new file sgm with size 306142 to fwsgn
Set current directory to qbbhrst
Added new directory sgm
Added new directory srbn
Set current directory to sgm
Added new file bbvqrcf.chp with size 80992 to sgm
Set current directory to qbbhrst
Set current directory to srbn
Added new file nvqsqtjw with size 161382 to srbn
Set current directory to qbbhrst
Set current directory to fwsgn
Set current directory to tmw
Set current directory to tmw
Added new file dqvcqs.zpb with size 219508 to tmw
Added new directory tmw
Added new file wbvvgqwn.bmh with size 134434 to tmw
Set current directory to tmw
Added new file pgqmwn with size 209116 to tmw
Part 1
Find all of the directories with a total size of at most 100000. What is the sum of the total sizes of those directories?
1427048
Part 2
Find the smallest directory that can be created to meet the requirements.
Total space: 70000000
Total required: 30000000
Total used: 42536714
Total unused: 27463286
Total required: 2536714
2940614
